<?xml version="1.0" encoding="UTF-8"?>
<!-- Generated by org.testng.reporters.JUnitReportReporter -->
<testsuite skipped="0" hostname="Maneeshs-MacBook-Pro.local" name="TestRunner" tests="2" failures="0" timestamp="16 Sep 2018 21:58:40 GMT" time="9.599" errors="0">
  <testcase name="launchApplication" time="9.599" classname="TestRunner"/>
  <testcase name="testMethod" time="0.000" classname="TestRunner"/>
</testsuite> <!-- TestRunner -->
